[00:02:46] [Server thread/INFO] [net.minecraft.server.dedicated.DedicatedServer]: [BladePatterson_: Set own game mode to Creative Mode]
[00:03:52] [Server thread/INFO] [net.minecraft.server.dedicated.DedicatedServer]: [BladePatterson_: Set own game mode to Survival Mode]
[00:05:56] [Server thread/INFO] [net.minecraft.server.dedicated.DedicatedServer]: [BladePatterson_: Set own game mode to Creative Mode]
[00:06:21] [Server thread/INFO] [net.minecraft.server.dedicated.DedicatedServer]: [BladePatterson_: Set own game mode to Survival Mode]
[00:08:26] [Server thread/WARN] [net.minecraft.network.NetHandlerPlayServer]: BladePatterson_ moved wrongly!
[00:08:26] [Server thread/WARN] [net.minecraft.network.NetHandlerPlayServer]: BladePatterson_ moved wrongly!
[00:08:26] [Server thread/WARN] [net.minecraft.network.NetHandlerPlayServer]: BladePatterson_ moved wrongly!
[00:08:26] [Server thread/WARN] [net.minecraft.network.NetHandlerPlayServer]: BladePatterson_ moved wrongly!
[00:08:26] [Server thread/WARN] [net.minecraft.network.NetHandlerPlayServer]: BladePatterson_ moved wrongly!
[00:08:27] [Server thread/WARN] [net.minecraft.network.NetHandlerPlayServer]: BladePatterson_ moved wrongly!
[00:08:27] [Server thread/WARN] [net.minecraft.network.NetHandlerPlayServer]: BladePatterson_ moved wrongly!
[00:08:27] [Server thread/WARN] [net.minecraft.network.NetHandlerPlayServer]: BladePatterson_ moved wrongly!
[00:08:27] [Server thread/WARN] [net.minecraft.network.NetHandlerPlayServer]: BladePatterson_ moved wrongly!
[00:08:27] [Server thread/WARN] [net.minecraft.network.NetHandlerPlayServer]: BladePatterson_ moved wrongly!
[00:08:28] [Server thread/WARN] [net.minecraft.network.NetHandlerPlayServer]: BladePatterson_ moved wrongly!
[00:08:28] [Server thread/WARN] [net.minecraft.network.NetHandlerPlayServer]: BladePatterson_ moved wrongly!
[00:08:28] [Server thread/WARN] [net.minecraft.network.NetHandlerPlayServer]: BladePatterson_ moved wrongly!
[00:08:29] [Server thread/WARN] [net.minecraft.network.NetHandlerPlayServer]: BladePatterson_ moved wrongly!
[00:08:29] [Server thread/WARN] [net.minecraft.network.NetHandlerPlayServer]: BladePatterson_ moved wrongly!
[00:08:29] [Server thread/WARN] [net.minecraft.network.NetHandlerPlayServer]: BladePatterson_ moved wrongly!
[00:08:29] [Server thread/WARN] [net.minecraft.network.NetHandlerPlayServer]: BladePatterson_ moved wrongly!
[00:08:29] [Server thread/WARN] [net.minecraft.network.NetHandlerPlayServer]: BladePatterson_ moved wrongly!
[00:08:30] [Server thread/WARN] [net.minecraft.network.NetHandlerPlayServer]: BladePatterson_ moved wrongly!
[00:08:30] [Server thread/WARN] [net.minecraft.network.NetHandlerPlayServer]: BladePatterson_ moved wrongly!
[00:08:30] [Server thread/WARN] [net.minecraft.network.NetHandlerPlayServer]: BladePatterson_ moved wrongly!
[00:08:30] [Server thread/WARN] [net.minecraft.network.NetHandlerPlayServer]: BladePatterson_ moved wrongly!
[00:08:31] [Server thread/WARN] [net.minecraft.network.NetHandlerPlayServer]: BladePatterson_ moved wrongly!
[00:08:31] [Server thread/WARN] [net.minecraft.network.NetHandlerPlayServer]: BladePatterson_ moved wrongly!
[00:08:31] [Server thread/WARN] [net.minecraft.network.NetHandlerPlayServer]: BladePatterson_ moved wrongly!
[00:08:31] [Server thread/WARN] [net.minecraft.network.NetHandlerPlayServer]: BladePatterson_ moved wrongly!
[00:08:32] [Server thread/WARN] [net.minecraft.network.NetHandlerPlayServer]: BladePatterson_ moved wrongly!
[00:08:32] [Server thread/WARN] [net.minecraft.network.NetHandlerPlayServer]: BladePatterson_ moved wrongly!
[00:08:32] [Server thread/WARN] [net.minecraft.network.NetHandlerPlayServer]: BladePatterson_ moved wrongly!
[00:08:32] [Server thread/WARN] [net.minecraft.network.NetHandlerPlayServer]: BladePatterson_ moved wrongly!
[00:08:33] [Server thread/WARN] [net.minecraft.network.NetHandlerPlayServer]: BladePatterson_ moved wrongly!
[00:08:33] [Server thread/WARN] [net.minecraft.network.NetHandlerPlayServer]: BladePatterson_ moved wrongly!
[00:08:33] [Server thread/WARN] [net.minecraft.network.NetHandlerPlayServer]: BladePatterson_ moved wrongly!
[00:08:33] [Server thread/WARN] [net.minecraft.network.NetHandlerPlayServer]: BladePatterson_ moved wrongly!
[00:08:34] [Server thread/WARN] [net.minecraft.network.NetHandlerPlayServer]: BladePatterson_ moved wrongly!
[00:08:34] [Server thread/WARN] [net.minecraft.network.NetHandlerPlayServer]: BladePatterson_ moved wrongly!
[00:08:34] [Server thread/WARN] [net.minecraft.network.NetHandlerPlayServer]: BladePatterson_ moved wrongly!
[00:08:34] [Server thread/WARN] [net.minecraft.network.NetHandlerPlayServer]: BladePatterson_ moved wrongly!
[00:08:34] [Server thread/WARN] [net.minecraft.network.NetHandlerPlayServer]: BladePatterson_ moved wrongly!
[00:08:35] [Server thread/WARN] [net.minecraft.network.NetHandlerPlayServer]: BladePatterson_ moved wrongly!
[00:08:35] [Server thread/WARN] [net.minecraft.network.NetHandlerPlayServer]: BladePatterson_ moved wrongly!
[00:08:35] [Server thread/WARN] [net.minecraft.network.NetHandlerPlayServer]: BladePatterson_ moved wrongly!
[00:08:35] [Server thread/WARN] [net.minecraft.network.NetHandlerPlayServer]: BladePatterson_ moved wrongly!
[00:08:36] [Server thread/WARN] [net.minecraft.network.NetHandlerPlayServer]: BladePatterson_ moved wrongly!
[00:08:36] [Server thread/WARN] [net.minecraft.network.NetHandlerPlayServer]: BladePatterson_ moved wrongly!
[00:08:36] [Server thread/WARN] [net.minecraft.network.NetHandlerPlayServer]: BladePatterson_ moved wrongly!
[00:08:36] [Server thread/WARN] [net.minecraft.network.NetHandlerPlayServer]: BladePatterson_ moved wrongly!
[00:08:37] [Server thread/WARN] [net.minecraft.network.NetHandlerPlayServer]: BladePatterson_ moved wrongly!
[00:08:37] [Server thread/WARN] [net.minecraft.network.NetHandlerPlayServer]: BladePatterson_ moved wrongly!
[00:08:37] [Server thread/WARN] [net.minecraft.network.NetHandlerPlayServer]: BladePatterson_ moved wrongly!
[00:08:37] [Server thread/WARN] [net.minecraft.network.NetHandlerPlayServer]: BladePatterson_ moved wrongly!
[00:08:38] [Server thread/WARN] [net.minecraft.network.NetHandlerPlayServer]: BladePatterson_ moved wrongly!
[00:08:38] [Server thread/WARN] [net.minecraft.network.NetHandlerPlayServer]: BladePatterson_ moved wrongly!
[00:08:38] [Server thread/WARN] [net.minecraft.network.NetHandlerPlayServer]: BladePatterson_ moved wrongly!
[00:08:38] [Server thread/WARN] [net.minecraft.network.NetHandlerPlayServer]: BladePatterson_ moved wrongly!
[00:08:39] [Server thread/WARN] [net.minecraft.network.NetHandlerPlayServer]: BladePatterson_ moved wrongly!
[00:08:39] [Server thread/WARN] [net.minecraft.network.NetHandlerPlayServer]: BladePatterson_ moved wrongly!
[00:08:39] [Server thread/WARN] [net.minecraft.network.NetHandlerPlayServer]: BladePatterson_ moved wrongly!
[00:08:40] [Server thread/WARN] [net.minecraft.network.NetHandlerPlayServer]: BladePatterson_ moved wrongly!
[00:08:40] [Server thread/WARN] [net.minecraft.network.NetHandlerPlayServer]: BladePatterson_ moved wrongly!
[00:08:40] [Server thread/WARN] [net.minecraft.network.NetHandlerPlayServer]: BladePatterson_ moved wrongly!
[00:08:40] [Server thread/WARN] [net.minecraft.network.NetHandlerPlayServer]: BladePatterson_ moved wrongly!
[00:08:40] [Server thread/WARN] [net.minecraft.network.NetHandlerPlayServer]: BladePatterson_ moved wrongly!
[00:08:41] [Server thread/WARN] [net.minecraft.network.NetHandlerPlayServer]: BladePatterson_ moved wrongly!
[00:08:41] [Server thread/WARN] [net.minecraft.network.NetHandlerPlayServer]: BladePatterson_ moved wrongly!
[00:08:41] [Server thread/WARN] [net.minecraft.network.NetHandlerPlayServer]: BladePatterson_ moved wrongly!
[00:08:41] [Server thread/WARN] [net.minecraft.network.NetHandlerPlayServer]: BladePatterson_ moved wrongly!
[00:08:42] [Server thread/WARN] [net.minecraft.network.NetHandlerPlayServer]: BladePatterson_ moved wrongly!
[00:08:42] [Server thread/WARN] [net.minecraft.network.NetHandlerPlayServer]: BladePatterson_ moved wrongly!
[00:08:42] [Server thread/WARN] [net.minecraft.network.NetHandlerPlayServer]: BladePatterson_ moved wrongly!
[00:08:42] [Server thread/WARN] [net.minecraft.network.NetHandlerPlayServer]: BladePatterson_ moved wrongly!
[00:08:43] [Server thread/WARN] [net.minecraft.network.NetHandlerPlayServer]: BladePatterson_ moved wrongly!
[00:08:43] [Server thread/WARN] [net.minecraft.network.NetHandlerPlayServer]: BladePatterson_ moved wrongly!
[00:08:43] [Server thread/WARN] [net.minecraft.network.NetHandlerPlayServer]: BladePatterson_ moved wrongly!
[00:08:43] [Server thread/WARN] [net.minecraft.network.NetHandlerPlayServer]: BladePatterson_ moved wrongly!
[00:08:44] [Server thread/WARN] [net.minecraft.network.NetHandlerPlayServer]: BladePatterson_ moved wrongly!
[00:08:44] [Server thread/WARN] [net.minecraft.network.NetHandlerPlayServer]: BladePatterson_ moved wrongly!
[00:08:44] [Server thread/WARN] [net.minecraft.network.NetHandlerPlayServer]: BladePatterson_ moved wrongly!
[00:08:44] [Server thread/WARN] [net.minecraft.network.NetHandlerPlayServer]: BladePatterson_ moved wrongly!
[00:08:49] [Server thread/WARN] [net.minecraft.network.NetHandlerPlayServer]: BladePatterson_ moved wrongly!
[00:08:49] [Server thread/WARN] [net.minecraft.network.NetHandlerPlayServer]: BladePatterson_ moved wrongly!
[00:08:49] [Server thread/WARN] [net.minecraft.network.NetHandlerPlayServer]: BladePatterson_ moved wrongly!
[00:08:50] [Server thread/WARN] [net.minecraft.network.NetHandlerPlayServer]: BladePatterson_ moved wrongly!
[00:08:50] [Server thread/WARN] [net.minecraft.network.NetHandlerPlayServer]: BladePatterson_ moved wrongly!
[00:08:50] [Server thread/WARN] [net.minecraft.network.NetHandlerPlayServer]: BladePatterson_ moved wrongly!
[00:08:50] [Server thread/WARN] [net.minecraft.network.NetHandlerPlayServer]: BladePatterson_ moved wrongly!
[00:08:51] [Server thread/WARN] [net.minecraft.network.NetHandlerPlayServer]: BladePatterson_ moved wrongly!
[00:08:51] [Server thread/WARN] [net.minecraft.network.NetHandlerPlayServer]: BladePatterson_ moved wrongly!
[00:08:51] [Server thread/WARN] [net.minecraft.network.NetHandlerPlayServer]: BladePatterson_ moved wrongly!
[00:08:52] [Server thread/WARN] [net.minecraft.network.NetHandlerPlayServer]: BladePatterson_ moved wrongly!
[00:08:52] [Server thread/WARN] [net.minecraft.network.NetHandlerPlayServer]: BladePatterson_ moved wrongly!
[00:08:52] [Server thread/WARN] [net.minecraft.network.NetHandlerPlayServer]: BladePatterson_ moved wrongly!
[00:08:52] [Server thread/WARN] [net.minecraft.network.NetHandlerPlayServer]: BladePatterson_ moved wrongly!
[00:08:53] [Server thread/WARN] [net.minecraft.network.NetHandlerPlayServer]: BladePatterson_ moved wrongly!
[00:08:53] [Server thread/WARN] [net.minecraft.network.NetHandlerPlayServer]: BladePatterson_ moved wrongly!
[00:08:53] [Server thread/WARN] [net.minecraft.network.NetHandlerPlayServer]: BladePatterson_ moved wrongly!
[00:08:54] [Server thread/WARN] [net.minecraft.network.NetHandlerPlayServer]: BladePatterson_ moved wrongly!
[00:08:54] [Server thread/WARN] [net.minecraft.network.NetHandlerPlayServer]: BladePatterson_ moved wrongly!
[00:08:54] [Server thread/WARN] [net.minecraft.network.NetHandlerPlayServer]: BladePatterson_ moved wrongly!
[00:08:54] [Server thread/WARN] [net.minecraft.network.NetHandlerPlayServer]: BladePatterson_ moved wrongly!
[00:08:55] [Server thread/WARN] [net.minecraft.network.NetHandlerPlayServer]: BladePatterson_ moved wrongly!
[00:08:55] [Server thread/WARN] [net.minecraft.network.NetHandlerPlayServer]: BladePatterson_ moved wrongly!
[00:08:55] [Server thread/WARN] [net.minecraft.network.NetHandlerPlayServer]: BladePatterson_ moved wrongly!
[00:08:55] [Server thread/WARN] [net.minecraft.network.NetHandlerPlayServer]: BladePatterson_ moved wrongly!
[00:08:56] [Server thread/WARN] [net.minecraft.network.NetHandlerPlayServer]: BladePatterson_ moved wrongly!
[00:08:56] [Server thread/WARN] [net.minecraft.network.NetHandlerPlayServer]: BladePatterson_ moved wrongly!
[00:08:56] [Server thread/WARN] [net.minecraft.network.NetHandlerPlayServer]: BladePatterson_ moved wrongly!
[00:08:56] [Server thread/WARN] [net.minecraft.network.NetHandlerPlayServer]: BladePatterson_ moved wrongly!
[00:08:57] [Server thread/WARN] [net.minecraft.network.NetHandlerPlayServer]: BladePatterson_ moved wrongly!
[00:08:57] [Server thread/WARN] [net.minecraft.network.NetHandlerPlayServer]: BladePatterson_ moved wrongly!
[00:08:57] [Server thread/WARN] [net.minecraft.network.NetHandlerPlayServer]: BladePatterson_ moved wrongly!
[00:08:58] [Server thread/WARN] [net.minecraft.network.NetHandlerPlayServer]: BladePatterson_ moved wrongly!
[00:08:58] [Server thread/WARN] [net.minecraft.network.NetHandlerPlayServer]: BladePatterson_ moved wrongly!
[00:08:58] [Server thread/WARN] [net.minecraft.network.NetHandlerPlayServer]: BladePatterson_ moved wrongly!
[00:08:59] [Server thread/WARN] [net.minecraft.network.NetHandlerPlayServer]: BladePatterson_ moved wrongly!
[00:08:59] [Server thread/WARN] [net.minecraft.network.NetHandlerPlayServer]: BladePatterson_ moved wrongly!
[00:08:59] [Server thread/WARN] [net.minecraft.network.NetHandlerPlayServer]: BladePatterson_ moved wrongly!
[00:08:59] [Server thread/WARN] [net.minecraft.network.NetHandlerPlayServer]: BladePatterson_ moved wrongly!
[00:09:00] [Server thread/WARN] [net.minecraft.network.NetHandlerPlayServer]: BladePatterson_ moved wrongly!
[00:09:00] [Server thread/WARN] [net.minecraft.network.NetHandlerPlayServer]: BladePatterson_ moved wrongly!
[00:09:00] [Server thread/WARN] [net.minecraft.network.NetHandlerPlayServer]: BladePatterson_ moved wrongly!
[00:09:01] [Server thread/WARN] [net.minecraft.network.NetHandlerPlayServer]: BladePatterson_ moved wrongly!
[00:09:01] [Server thread/WARN] [net.minecraft.network.NetHandlerPlayServer]: BladePatterson_ moved wrongly!
[00:09:01] [Server thread/WARN] [net.minecraft.network.NetHandlerPlayServer]: BladePatterson_ moved wrongly!
[00:09:02] [Server thread/WARN] [net.minecraft.network.NetHandlerPlayServer]: BladePatterson_ moved wrongly!
[00:09:02] [Server thread/WARN] [net.minecraft.network.NetHandlerPlayServer]: BladePatterson_ moved wrongly!
[00:09:02] [Server thread/WARN] [net.minecraft.network.NetHandlerPlayServer]: BladePatterson_ moved wrongly!
[00:09:02] [Server thread/WARN] [net.minecraft.network.NetHandlerPlayServer]: BladePatterson_ moved wrongly!
[00:09:02] [Server thread/WARN] [net.minecraft.network.NetHandlerPlayServer]: BladePatterson_ moved wrongly!
[00:09:03] [Server thread/WARN] [net.minecraft.network.NetHandlerPlayServer]: BladePatterson_ moved wrongly!
[00:09:03] [Server thread/WARN] [net.minecraft.network.NetHandlerPlayServer]: BladePatterson_ moved wrongly!
[00:09:03] [Server thread/WARN] [net.minecraft.network.NetHandlerPlayServer]: BladePatterson_ moved wrongly!
[00:09:04] [Server thread/WARN] [net.minecraft.network.NetHandlerPlayServer]: BladePatterson_ moved wrongly!
[00:09:04] [Server thread/WARN] [net.minecraft.network.NetHandlerPlayServer]: BladePatterson_ moved wrongly!
[00:09:04] [Server thread/WARN] [net.minecraft.network.NetHandlerPlayServer]: BladePatterson_ moved wrongly!
[00:09:04] [Server thread/WARN] [net.minecraft.network.NetHandlerPlayServer]: BladePatterson_ moved wrongly!
[00:09:05] [Server thread/WARN] [net.minecraft.network.NetHandlerPlayServer]: BladePatterson_ moved wrongly!
[00:09:05] [Server thread/WARN] [net.minecraft.network.NetHandlerPlayServer]: BladePatterson_ moved wrongly!
[00:09:05] [Server thread/WARN] [net.minecraft.network.NetHandlerPlayServer]: BladePatterson_ moved wrongly!
[00:09:05] [Server thread/WARN] [net.minecraft.network.NetHandlerPlayServer]: BladePatterson_ moved wrongly!
[00:09:06] [Server thread/WARN] [net.minecraft.network.NetHandlerPlayServer]: BladePatterson_ moved wrongly!
[00:09:06] [Server thread/WARN] [net.minecraft.network.NetHandlerPlayServer]: BladePatterson_ moved wrongly!
[00:09:06] [Server thread/WARN] [net.minecraft.network.NetHandlerPlayServer]: BladePatterson_ moved wrongly!
[00:09:06] [Server thread/WARN] [net.minecraft.network.NetHandlerPlayServer]: BladePatterson_ moved wrongly!
[00:09:07] [Server thread/WARN] [net.minecraft.network.NetHandlerPlayServer]: BladePatterson_ moved wrongly!
[00:09:07] [Server thread/WARN] [net.minecraft.network.NetHandlerPlayServer]: BladePatterson_ moved wrongly!
[00:09:07] [Server thread/WARN] [net.minecraft.network.NetHandlerPlayServer]: BladePatterson_ moved wrongly!
[00:09:07] [Server thread/WARN] [net.minecraft.network.NetHandlerPlayServer]: BladePatterson_ moved wrongly!
[00:09:08] [Server thread/WARN] [net.minecraft.network.NetHandlerPlayServer]: BladePatterson_ moved wrongly!
[00:09:08] [Server thread/WARN] [net.minecraft.network.NetHandlerPlayServer]: BladePatterson_ moved wrongly!
[00:09:08] [Server thread/WARN] [net.minecraft.network.NetHandlerPlayServer]: BladePatterson_ moved wrongly!
[00:09:08] [Server thread/WARN] [net.minecraft.network.NetHandlerPlayServer]: BladePatterson_ moved wrongly!
[00:09:09] [Server thread/WARN] [net.minecraft.network.NetHandlerPlayServer]: BladePatterson_ moved wrongly!
[00:09:09] [Server thread/WARN] [net.minecraft.network.NetHandlerPlayServer]: BladePatterson_ moved wrongly!
[00:09:09] [Server thread/WARN] [net.minecraft.network.NetHandlerPlayServer]: BladePatterson_ moved wrongly!
[00:09:09] [Server thread/WARN] [net.minecraft.network.NetHandlerPlayServer]: BladePatterson_ moved wrongly!
[00:09:09] [Server thread/WARN] [net.minecraft.network.NetHandlerPlayServer]: BladePatterson_ moved wrongly!
[00:09:10] [Server thread/WARN] [net.minecraft.network.NetHandlerPlayServer]: BladePatterson_ moved wrongly!
[00:09:10] [Server thread/WARN] [net.minecraft.network.NetHandlerPlayServer]: BladePatterson_ moved wrongly!
[00:09:10] [Server thread/WARN] [net.minecraft.network.NetHandlerPlayServer]: BladePatterson_ moved wrongly!
[00:09:10] [Server thread/WARN] [net.minecraft.network.NetHandlerPlayServer]: BladePatterson_ moved wrongly!
[00:09:11] [Server thread/WARN] [net.minecraft.network.NetHandlerPlayServer]: BladePatterson_ moved wrongly!
[00:09:11] [Server thread/WARN] [net.minecraft.network.NetHandlerPlayServer]: BladePatterson_ moved wrongly!
[00:09:11] [Server thread/WARN] [net.minecraft.network.NetHandlerPlayServer]: BladePatterson_ moved wrongly!
[00:09:11] [Server thread/WARN] [net.minecraft.network.NetHandlerPlayServer]: BladePatterson_ moved wrongly!
[00:09:12] [Server thread/WARN] [net.minecraft.network.NetHandlerPlayServer]: BladePatterson_ moved wrongly!
[00:09:12] [Server thread/WARN] [net.minecraft.network.NetHandlerPlayServer]: BladePatterson_ moved wrongly!
[00:09:12] [Server thread/WARN] [net.minecraft.network.NetHandlerPlayServer]: BladePatterson_ moved wrongly!
[00:09:13] [Server thread/WARN] [net.minecraft.network.NetHandlerPlayServer]: BladePatterson_ moved wrongly!
[00:09:13] [Server thread/WARN] [net.minecraft.network.NetHandlerPlayServer]: BladePatterson_ moved wrongly!
[00:09:13] [Server thread/WARN] [net.minecraft.network.NetHandlerPlayServer]: BladePatterson_ moved wrongly!
[00:09:13] [Server thread/WARN] [net.minecraft.network.NetHandlerPlayServer]: BladePatterson_ moved wrongly!
[00:09:14] [Server thread/WARN] [net.minecraft.network.NetHandlerPlayServer]: BladePatterson_ moved wrongly!
[00:09:14] [Server thread/WARN] [net.minecraft.network.NetHandlerPlayServer]: BladePatterson_ moved wrongly!
[00:09:14] [Server thread/WARN] [net.minecraft.network.NetHandlerPlayServer]: BladePatterson_ moved wrongly!
[00:09:14] [Server thread/WARN] [net.minecraft.network.NetHandlerPlayServer]: BladePatterson_ moved wrongly!
[00:09:15] [Server thread/WARN] [net.minecraft.network.NetHandlerPlayServer]: BladePatterson_ moved wrongly!
[00:09:15] [Server thread/WARN] [net.minecraft.network.NetHandlerPlayServer]: BladePatterson_ moved wrongly!
[00:09:15] [Server thread/WARN] [net.minecraft.network.NetHandlerPlayServer]: BladePatterson_ moved wrongly!
[00:09:15] [Server thread/WARN] [net.minecraft.network.NetHandlerPlayServer]: BladePatterson_ moved wrongly!
[00:09:16] [Server thread/WARN] [net.minecraft.network.NetHandlerPlayServer]: BladePatterson_ moved wrongly!
[00:09:16] [Server thread/WARN] [net.minecraft.network.NetHandlerPlayServer]: BladePatterson_ moved wrongly!
[00:09:16] [Server thread/WARN] [net.minecraft.network.NetHandlerPlayServer]: BladePatterson_ moved wrongly!
[00:09:16] [Server thread/WARN] [net.minecraft.network.NetHandlerPlayServer]: BladePatterson_ moved wrongly!
[00:09:16] [Server thread/WARN] [net.minecraft.network.NetHandlerPlayServer]: BladePatterson_ moved wrongly!
[00:09:17] [Server thread/WARN] [net.minecraft.network.NetHandlerPlayServer]: BladePatterson_ moved wrongly!
[00:09:17] [Server thread/WARN] [net.minecraft.network.NetHandlerPlayServer]: BladePatterson_ moved wrongly!
[00:09:17] [Server thread/WARN] [net.minecraft.network.NetHandlerPlayServer]: BladePatterson_ moved wrongly!
[00:09:17] [Server thread/WARN] [net.minecraft.network.NetHandlerPlayServer]: BladePatterson_ moved wrongly!
[00:09:18] [Server thread/WARN] [net.minecraft.network.NetHandlerPlayServer]: BladePatterson_ moved wrongly!
[00:09:18] [Server thread/WARN] [net.minecraft.network.NetHandlerPlayServer]: BladePatterson_ moved wrongly!
[00:09:18] [Server thread/WARN] [net.minecraft.network.NetHandlerPlayServer]: BladePatterson_ moved wrongly!
[00:09:18] [Server thread/WARN] [net.minecraft.network.NetHandlerPlayServer]: BladePatterson_ moved wrongly!
[00:09:19] [Server thread/WARN] [net.minecraft.network.NetHandlerPlayServer]: BladePatterson_ moved wrongly!
[00:09:19] [Server thread/WARN] [net.minecraft.network.NetHandlerPlayServer]: BladePatterson_ moved wrongly!
[00:09:19] [Server thread/WARN] [net.minecraft.network.NetHandlerPlayServer]: BladePatterson_ moved wrongly!
[00:09:20] [Server thread/WARN] [net.minecraft.network.NetHandlerPlayServer]: BladePatterson_ moved wrongly!
[00:09:20] [Server thread/WARN] [net.minecraft.network.NetHandlerPlayServer]: BladePatterson_ moved wrongly!
[00:09:20] [Server thread/WARN] [net.minecraft.network.NetHandlerPlayServer]: BladePatterson_ moved wrongly!
[00:09:20] [Server thread/WARN] [net.minecraft.network.NetHandlerPlayServer]: BladePatterson_ moved wrongly!
[00:09:21] [Server thread/WARN] [net.minecraft.network.NetHandlerPlayServer]: BladePatterson_ moved wrongly!
[00:09:21] [Server thread/WARN] [net.minecraft.network.NetHandlerPlayServer]: BladePatterson_ moved wrongly!
[00:09:21] [Server thread/WARN] [net.minecraft.network.NetHandlerPlayServer]: BladePatterson_ moved wrongly!
[00:09:21] [Server thread/WARN] [net.minecraft.network.NetHandlerPlayServer]: BladePatterson_ moved wrongly!
[00:09:21] [Server thread/WARN] [net.minecraft.network.NetHandlerPlayServer]: BladePatterson_ moved wrongly!
[00:09:22] [Server thread/WARN] [net.minecraft.network.NetHandlerPlayServer]: BladePatterson_ moved wrongly!
[00:09:22] [Server thread/WARN] [net.minecraft.network.NetHandlerPlayServer]: BladePatterson_ moved wrongly!
[00:09:22] [Server thread/WARN] [net.minecraft.network.NetHandlerPlayServer]: BladePatterson_ moved wrongly!
[00:09:22] [Server thread/WARN] [net.minecraft.network.NetHandlerPlayServer]: BladePatterson_ moved wrongly!
[00:09:23] [Server thread/WARN] [net.minecraft.network.NetHandlerPlayServer]: BladePatterson_ moved wrongly!
[00:09:23] [Server thread/WARN] [net.minecraft.network.NetHandlerPlayServer]: BladePatterson_ moved wrongly!
[00:09:23] [Server thread/WARN] [net.minecraft.network.NetHandlerPlayServer]: BladePatterson_ moved wrongly!
[00:09:23] [Server thread/WARN] [net.minecraft.network.NetHandlerPlayServer]: BladePatterson_ moved wrongly!
[00:09:24] [Server thread/WARN] [net.minecraft.network.NetHandlerPlayServer]: BladePatterson_ moved wrongly!
[00:09:24] [Server thread/WARN] [net.minecraft.network.NetHandlerPlayServer]: BladePatterson_ moved wrongly!
[00:09:24] [Server thread/WARN] [net.minecraft.network.NetHandlerPlayServer]: BladePatterson_ moved wrongly!
[00:09:24] [Server thread/WARN] [net.minecraft.network.NetHandlerPlayServer]: BladePatterson_ moved wrongly!
[00:09:25] [Server thread/WARN] [net.minecraft.network.NetHandlerPlayServer]: BladePatterson_ moved wrongly!
[00:09:25] [Server thread/WARN] [net.minecraft.network.NetHandlerPlayServer]: BladePatterson_ moved wrongly!
[00:09:25] [Server thread/WARN] [net.minecraft.network.NetHandlerPlayServer]: BladePatterson_ moved wrongly!
[00:09:26] [Server thread/WARN] [net.minecraft.network.NetHandlerPlayServer]: BladePatterson_ moved wrongly!
[00:09:26] [Server thread/WARN] [net.minecraft.network.NetHandlerPlayServer]: BladePatterson_ moved wrongly!
[00:09:26] [Server thread/WARN] [net.minecraft.network.NetHandlerPlayServer]: BladePatterson_ moved wrongly!
[00:09:26] [Server thread/WARN] [net.minecraft.network.NetHandlerPlayServer]: BladePatterson_ moved wrongly!
[00:09:27] [Server thread/WARN] [net.minecraft.network.NetHandlerPlayServer]: BladePatterson_ moved wrongly!
[00:09:27] [Server thread/WARN] [net.minecraft.network.NetHandlerPlayServer]: BladePatterson_ moved wrongly!
[00:09:27] [Server thread/WARN] [net.minecraft.network.NetHandlerPlayServer]: BladePatterson_ moved wrongly!
[00:09:27] [Server thread/WARN] [net.minecraft.network.NetHandlerPlayServer]: BladePatterson_ moved wrongly!
[00:09:28] [Server thread/WARN] [net.minecraft.network.NetHandlerPlayServer]: BladePatterson_ moved wrongly!
[00:09:28] [Server thread/WARN] [net.minecraft.network.NetHandlerPlayServer]: BladePatterson_ moved wrongly!
[00:09:28] [Server thread/WARN] [net.minecraft.network.NetHandlerPlayServer]: BladePatterson_ moved wrongly!
[00:09:28] [Server thread/WARN] [net.minecraft.network.NetHandlerPlayServer]: BladePatterson_ moved wrongly!
[00:09:28] [Server thread/WARN] [net.minecraft.network.NetHandlerPlayServer]: BladePatterson_ moved wrongly!
[00:09:29] [Server thread/WARN] [net.minecraft.network.NetHandlerPlayServer]: BladePatterson_ moved wrongly!
[00:09:29] [Server thread/WARN] [net.minecraft.network.NetHandlerPlayServer]: BladePatterson_ moved wrongly!
[00:09:29] [Server thread/WARN] [net.minecraft.network.NetHandlerPlayServer]: BladePatterson_ moved wrongly!
[00:09:29] [Server thread/WARN] [net.minecraft.network.NetHandlerPlayServer]: BladePatterson_ moved wrongly!
[00:09:30] [Server thread/WARN] [net.minecraft.network.NetHandlerPlayServer]: BladePatterson_ moved wrongly!
[00:09:30] [Server thread/WARN] [net.minecraft.network.NetHandlerPlayServer]: BladePatterson_ moved wrongly!
[00:09:30] [Server thread/WARN] [net.minecraft.network.NetHandlerPlayServer]: BladePatterson_ moved wrongly!
[00:09:31] [Server thread/WARN] [net.minecraft.network.NetHandlerPlayServer]: BladePatterson_ moved wrongly!
[00:09:31] [Server thread/WARN] [net.minecraft.network.NetHandlerPlayServer]: BladePatterson_ moved wrongly!
[00:09:31] [Server thread/WARN] [net.minecraft.network.NetHandlerPlayServer]: BladePatterson_ moved wrongly!
[00:09:31] [Server thread/WARN] [net.minecraft.network.NetHandlerPlayServer]: BladePatterson_ moved wrongly!
[00:09:32] [Server thread/WARN] [net.minecraft.network.NetHandlerPlayServer]: BladePatterson_ moved wrongly!
[00:09:32] [Server thread/WARN] [net.minecraft.network.NetHandlerPlayServer]: BladePatterson_ moved wrongly!
[00:09:32] [Server thread/WARN] [net.minecraft.network.NetHandlerPlayServer]: BladePatterson_ moved wrongly!
[00:09:32] [Server thread/WARN] [net.minecraft.network.NetHandlerPlayServer]: BladePatterson_ moved wrongly!
[00:09:32] [Server thread/WARN] [net.minecraft.network.NetHandlerPlayServer]: BladePatterson_ moved wrongly!
[00:09:33] [Server thread/WARN] [net.minecraft.network.NetHandlerPlayServer]: BladePatterson_ moved wrongly!
[00:09:33] [Server thread/WARN] [net.minecraft.network.NetHandlerPlayServer]: BladePatterson_ moved wrongly!
[00:09:33] [Server thread/WARN] [net.minecraft.network.NetHandlerPlayServer]: BladePatterson_ moved wrongly!
[00:09:34] [Server thread/WARN] [net.minecraft.network.NetHandlerPlayServer]: BladePatterson_ moved wrongly!
[00:09:34] [Server thread/WARN] [net.minecraft.network.NetHandlerPlayServer]: BladePatterson_ moved wrongly!
[00:09:34] [Server thread/WARN] [net.minecraft.network.NetHandlerPlayServer]: BladePatterson_ moved wrongly!
[00:09:34] [Server thread/WARN] [net.minecraft.network.NetHandlerPlayServer]: BladePatterson_ moved wrongly!
[00:09:35] [Server thread/WARN] [net.minecraft.network.NetHandlerPlayServer]: BladePatterson_ moved wrongly!
[00:09:35] [Server thread/WARN] [net.minecraft.network.NetHandlerPlayServer]: BladePatterson_ moved wrongly!
[00:09:35] [Server thread/WARN] [net.minecraft.network.NetHandlerPlayServer]: BladePatterson_ moved wrongly!
[00:09:35] [Server thread/WARN] [net.minecraft.network.NetHandlerPlayServer]: BladePatterson_ moved wrongly!
[00:09:35] [Server thread/WARN] [net.minecraft.network.NetHandlerPlayServer]: BladePatterson_ moved wrongly!
[00:09:36] [Server thread/WARN] [net.minecraft.network.NetHandlerPlayServer]: BladePatterson_ moved wrongly!
[00:09:36] [Server thread/WARN] [net.minecraft.network.NetHandlerPlayServer]: BladePatterson_ moved wrongly!
[00:09:36] [Server thread/WARN] [net.minecraft.network.NetHandlerPlayServer]: BladePatterson_ moved wrongly!
[00:09:36] [Server thread/WARN] [net.minecraft.network.NetHandlerPlayServer]: BladePatterson_ moved wrongly!
[00:09:37] [Server thread/WARN] [net.minecraft.network.NetHandlerPlayServer]: BladePatterson_ moved wrongly!
[00:09:37] [Server thread/WARN] [net.minecraft.network.NetHandlerPlayServer]: BladePatterson_ moved wrongly!
[00:09:37] [Server thread/WARN] [net.minecraft.network.NetHandlerPlayServer]: BladePatterson_ moved wrongly!
[00:09:37] [Server thread/WARN] [net.minecraft.network.NetHandlerPlayServer]: BladePatterson_ moved wrongly!
[00:09:38] [Server thread/WARN] [net.minecraft.network.NetHandlerPlayServer]: BladePatterson_ moved wrongly!
[00:09:38] [Server thread/WARN] [net.minecraft.network.NetHandlerPlayServer]: BladePatterson_ moved wrongly!
[00:09:38] [Server thread/WARN] [net.minecraft.network.NetHandlerPlayServer]: BladePatterson_ moved wrongly!
[00:09:38] [Server thread/WARN] [net.minecraft.network.NetHandlerPlayServer]: BladePatterson_ moved wrongly!
[00:09:39] [Server thread/WARN] [net.minecraft.network.NetHandlerPlayServer]: BladePatterson_ moved wrongly!
[00:09:39] [Server thread/WARN] [net.minecraft.network.NetHandlerPlayServer]: BladePatterson_ moved wrongly!
[00:09:39] [Server thread/WARN] [net.minecraft.network.NetHandlerPlayServer]: BladePatterson_ moved wrongly!
[00:09:39] [Server thread/WARN] [net.minecraft.network.NetHandlerPlayServer]: BladePatterson_ moved wrongly!
[00:09:40] [Server thread/WARN] [net.minecraft.network.NetHandlerPlayServer]: BladePatterson_ moved wrongly!
[00:09:40] [Server thread/WARN] [net.minecraft.network.NetHandlerPlayServer]: BladePatterson_ moved wrongly!
[00:09:40] [Server thread/WARN] [net.minecraft.network.NetHandlerPlayServer]: BladePatterson_ moved wrongly!
[00:09:40] [Server thread/WARN] [net.minecraft.network.NetHandlerPlayServer]: BladePatterson_ moved wrongly!
[00:09:41] [Server thread/WARN] [net.minecraft.network.NetHandlerPlayServer]: BladePatterson_ moved wrongly!
[00:09:41] [Server thread/WARN] [net.minecraft.network.NetHandlerPlayServer]: BladePatterson_ moved wrongly!
[00:09:41] [Server thread/WARN] [net.minecraft.network.NetHandlerPlayServer]: BladePatterson_ moved wrongly!
[00:09:41] [Server thread/WARN] [net.minecraft.network.NetHandlerPlayServer]: BladePatterson_ moved wrongly!
[00:12:28] [Server thread/INFO] [net.minecraft.server.dedicated.DedicatedServer]: [BladePatterson_: Set own game mode to Creative Mode]
[00:13:09] [Server thread/INFO] [STDOUT]: [com.trolmastercard.sexmod.a8$a:lambda$onMessage$0:-1]: teleporting player a7c0ced6-10b5-3ebb-b76b-0fcee15adfd6 to (-3317.3223679322646, 66.87999999523163, 287.85052622107037)
[00:14:24] [Server thread/WARN] [sexmod]: Removed old entry of kobold called Givlu with UUID 0d4555a7-51fb-45f3-a61e-7e62ec299f9a owned by null
[00:14:24] [Server thread/WARN] [sexmod]: Removed old entry of kobold called Snok with UUID f2df09c7-4cff-464f-9af5-c64ed2981412 owned by null
[00:14:24] [Server thread/WARN] [sexmod]: Removed old entry of kobold called Durbi with UUID b10a6fbc-52cc-4044-9cdd-59a5fa6abf8b owned by null
[00:14:24] [Server thread/WARN] [sexmod]: Removed old entry of kobold called Kakla with UUID a0488a5f-a6d9-4aac-8fa6-39022afbd7af owned by null
[00:14:27] [Server thread/WARN] [sexmod]: Removed old entry of kobold called Givlu with UUID 0d4555a7-51fb-45f3-a61e-7e62ec299f9a owned by null
[00:14:27] [Server thread/WARN] [sexmod]: Removed old entry of kobold called Snok with UUID f2df09c7-4cff-464f-9af5-c64ed2981412 owned by null
[00:14:27] [Server thread/WARN] [sexmod]: Removed old entry of kobold called Durbi with UUID b10a6fbc-52cc-4044-9cdd-59a5fa6abf8b owned by null
[00:14:27] [Server thread/WARN] [sexmod]: Removed old entry of kobold called Kakla with UUID a0488a5f-a6d9-4aac-8fa6-39022afbd7af owned by null
[00:16:34] [Server thread/INFO] [net.minecraft.network.NetHandlerPlayServer]: BladePatterson_ lost connection: Disconnected
[00:16:34] [Server thread/INFO] [net.minecraft.server.dedicated.DedicatedServer]: BladePatterson_ left the game
[01:10:11] [Server thread/INFO] [net.minecraft.server.dedicated.DedicatedServer]: Stopping the server
[01:10:11] [Server thread/INFO] [net.minecraft.server.MinecraftServer]: Stopping server
[01:10:11] [Server thread/INFO] [net.minecraft.server.MinecraftServer]: Saving players
[01:10:11] [Server thread/INFO] [net.minecraft.server.MinecraftServer]: Saving worlds
[01:10:11] [Server thread/INFO] [net.minecraft.server.MinecraftServer]: Saving chunks for level 'world'/overworld
[01:10:11] [Server thread/INFO] [FML]: Unloading dimension 0
[01:10:11] [Server Shutdown Thread/INFO] [net.minecraft.server.MinecraftServer]: Stopping server
[01:10:11] [Server Shutdown Thread/INFO] [net.minecraft.server.MinecraftServer]: Saving players
[01:10:11] [Server Shutdown Thread/INFO] [net.minecraft.server.MinecraftServer]: Saving worlds
